2018-02-21 12:22:27  INFO o.u.r.RecordApplicationTests:48 - Starting RecordApplicationTests on DESKTOP-FSQI9LQ with PID 8788 (started by UncleYang in E:\MyProject\record)
2018-02-21 12:22:27  INFO o.u.r.RecordApplicationTests:593 - No active profile set, falling back to default profiles: default
2018-02-21 12:22:27  INFO o.s.w.c.s.GenericWebApplicationContext:583 - Refreshing org.springframework.web.context.support.GenericWebApplicationContext@20bd8be5: startup date [Wed Feb 21 20:22:27 CST 2018]; root of context hierarchy
2018-02-21 12:22:27  INFO o.h.v.i.u.Version:30 - HV000001: Hibernate Validator 5.3.6.Final
2018-02-21 12:22:28  INFO o.s.b.f.s.DefaultListableBeanFactory:828 - Overriding bean definition for bean 'dataSource' with a different definition: replacing [Root bean: class [null]; scope=; abstract=false; lazyInit=false; autowireMode=3; dependencyCheck=0; autowireCandidate=true; primary=false; factoryBeanName=org.springframework.boot.autoconfigure.jdbc.DataSourceConfiguration$Generic; factoryMethodName=dataSource; initMethodName=null; destroyMethodName=(inferred); defined in class path resource [org/springframework/boot/autoconfigure/jdbc/DataSourceConfiguration$Generic.class]] with [Root bean: class [null]; scope=; abstract=false; lazyInit=false; autowireMode=3; dependencyCheck=0; autowireCandidate=true; primary=false; factoryBeanName=org.springframework.boot.autoconfigure.jdbc.DataSourceConfiguration$Hikari; factoryMethodName=dataSource; initMethodName=null; destroyMethodName=(inferred); defined in class path resource [org/springframework/boot/autoconfigure/jdbc/DataSourceConfiguration$Hikari.class]]
2018-02-21 12:22:28  INFO o.q.i.StdSchedulerFactory:1172 - Using default implementation for ThreadExecutor
2018-02-21 12:22:28  INFO o.q.s.SimpleThreadPool:268 - Job execution threads will use class loader of thread: main
2018-02-21 12:22:28  INFO o.q.c.SchedulerSignalerImpl:61 - Initialized Scheduler Signaller of type: class org.quartz.core.SchedulerSignalerImpl
2018-02-21 12:22:28  INFO o.q.c.QuartzScheduler:240 - Quartz Scheduler v.2.2.2 created.
2018-02-21 12:22:28  INFO o.q.s.RAMJobStore:155 - RAMJobStore initialized.
2018-02-21 12:22:28  INFO o.q.c.QuartzScheduler:305 - Scheduler meta-data: Quartz Scheduler (v2.2.2) 'DefaultQuartzScheduler' with instanceId 'NON_CLUSTERED'
  Scheduler class: 'org.quartz.core.QuartzScheduler' - running locally.
  NOT STARTED.
  Currently in standby mode.
  Number of jobs executed: 0
  Using thread pool 'org.quartz.simpl.SimpleThreadPool' - with 10 threads.
  Using job-store 'org.quartz.simpl.RAMJobStore' - which does not support persistence. and is not clustered.

2018-02-21 12:22:28  INFO o.q.i.StdSchedulerFactory:1327 - Quartz scheduler 'DefaultQuartzScheduler' initialized from default resource file in Quartz package: 'quartz.properties'
2018-02-21 12:22:28  INFO o.q.i.StdSchedulerFactory:1331 - Quartz scheduler version: 2.2.2
2018-02-21 12:22:28  INFO o.u.r.j.MainScheduler:33 - 重置系统参数任务配置完成
2018-02-21 12:22:28  INFO o.u.r.j.MainScheduler:43 - 日常报告任务配置完成
2018-02-21 12:22:28  INFO o.q.c.QuartzScheduler:575 - Scheduler DefaultQuartzScheduler_$_NON_CLUSTERED started.
2018-02-21 12:22:29  INFO o.s.w.s.m.m.a.RequestMappingHandlerAdapter:534 - Looking for @ControllerAdvice: org.springframework.web.context.support.GenericWebApplicationContext@20bd8be5: startup date [Wed Feb 21 20:22:27 CST 2018]; root of context hierarchy
2018-02-21 12:22:29  INFO o.s.w.s.m.m.a.RequestMappingHandlerMapping:543 - Mapped "{[/record/animation/getAnimationInfo.do],produces=[application/json;charset=utf-8]}" onto public java.lang.String org.uy.record.controller.AnimationController.getAnimationInfo(java.lang.String)
2018-02-21 12:22:29  INFO o.s.w.s.m.m.a.RequestMappingHandlerMapping:543 - Mapped "{[/record/animation/animationList.do],produces=[application/json;charset=utf-8]}" onto public java.lang.String org.uy.record.controller.AnimationController.animationList(java.util.Map<java.lang.String, java.lang.Object>)
2018-02-21 12:22:29  INFO o.s.w.s.m.m.a.RequestMappingHandlerMapping:543 - Mapped "{[/record/animation/addAnimation.do],produces=[application/json;charset=utf-8]}" onto public java.lang.String org.uy.record.controller.AnimationController.addAnimation(java.util.Map<java.lang.String, java.lang.Object>)
2018-02-21 12:22:29  INFO o.s.w.s.m.m.a.RequestMappingHandlerMapping:543 - Mapped "{[/record/animation/updateAnimation.do],produces=[application/json;charset=utf-8]}" onto public java.lang.String org.uy.record.controller.AnimationController.updateAnimation(java.util.Map<java.lang.String, java.lang.Object>)
2018-02-21 12:22:29  INFO o.s.w.s.m.m.a.RequestMappingHandlerMapping:543 - Mapped "{[/record/animation/animationInfoPull.do],produces=[application/json;charset=utf-8]}" onto public java.lang.String org.uy.record.controller.AnimationController.animationInfoPull(java.lang.String)
2018-02-21 12:22:29  INFO o.s.w.s.m.m.a.RequestMappingHandlerMapping:543 - Mapped "{[/record/episode/episodeList.do],produces=[application/json;charset=utf-8]}" onto public java.lang.String org.uy.record.controller.EpisodeController.episodeList(java.util.Map<java.lang.String, java.lang.Object>)
2018-02-21 12:22:29  INFO o.s.w.s.m.m.a.RequestMappingHandlerMapping:543 - Mapped "{[/record/episode/updateEpisode.do],produces=[application/json;charset=utf-8]}" onto public java.lang.String org.uy.record.controller.EpisodeController.updateEpisode(java.util.Map<java.lang.String, java.lang.Object>)
2018-02-21 12:22:29  INFO o.s.w.s.m.m.a.RequestMappingHandlerMapping:543 - Mapped "{[/record/episode/episodeInfoPull.do],produces=[application/json;charset=utf-8]}" onto public java.lang.String org.uy.record.controller.EpisodeController.episodeInfoPull(java.lang.String)
2018-02-21 12:22:29  INFO o.s.w.s.m.m.a.RequestMappingHandlerMapping:543 - Mapped "{[/record/episode/addEpisode.do],produces=[application/json;charset=utf-8]}" onto public java.lang.String org.uy.record.controller.EpisodeController.addEpisode(java.util.Map<java.lang.String, java.lang.Object>)
2018-02-21 12:22:29  INFO o.s.w.s.m.m.a.RequestMappingHandlerMapping:543 - Mapped "{[/record/episode/getEpisodeInfo.do],produces=[application/json;charset=utf-8]}" onto public java.lang.String org.uy.record.controller.EpisodeController.getEpisodeInfo(java.lang.String)
2018-02-21 12:22:29  INFO o.s.w.s.m.m.a.RequestMappingHandlerMapping:543 - Mapped "{[/record]}" onto public java.lang.String org.uy.record.controller.IndexController.index()
2018-02-21 12:22:29  INFO o.s.w.s.m.m.a.RequestMappingHandlerMapping:543 - Mapped "{[/record/movie/movieList.do],produces=[application/json;charset=utf-8]}" onto public java.lang.String org.uy.record.controller.MovieController.movieList(java.util.Map<java.lang.String, java.lang.Object>)
2018-02-21 12:22:29  INFO o.s.w.s.m.m.a.RequestMappingHandlerMapping:543 - Mapped "{[/record/movie/getMovieInfo.do],produces=[application/json;charset=utf-8]}" onto public java.lang.String org.uy.record.controller.MovieController.getMovieInfo(java.lang.String)
2018-02-21 12:22:29  INFO o.s.w.s.m.m.a.RequestMappingHandlerMapping:543 - Mapped "{[/record/movie/addMovie.do],produces=[application/json;charset=utf-8]}" onto public java.lang.String org.uy.record.controller.MovieController.addMovie(java.util.Map<java.lang.String, java.lang.Object>)
2018-02-21 12:22:29  INFO o.s.w.s.m.m.a.RequestMappingHandlerMapping:543 - Mapped "{[/record/movie/movieInfoPull.do],produces=[application/json;charset=utf-8]}" onto public java.lang.String org.uy.record.controller.MovieController.movieInfoPull(java.lang.String)
2018-02-21 12:22:29  INFO o.s.w.s.m.m.a.RequestMappingHandlerMapping:543 - Mapped "{[/record/movie/updateMovie.do],produces=[application/json;charset=utf-8]}" onto public java.lang.String org.uy.record.controller.MovieController.updateMovie(java.util.Map<java.lang.String, java.lang.Object>)
2018-02-21 12:22:29  INFO o.s.w.s.m.m.a.RequestMappingHandlerMapping:543 - Mapped "{[/record/operation/operationList.do],produces=[application/json;charset=utf-8]}" onto public java.lang.String org.uy.record.controller.OperationController.operationList(java.util.Map<java.lang.String, java.lang.Object>)
2018-02-21 12:22:29  INFO o.s.w.s.m.m.a.RequestMappingHandlerMapping:543 - Mapped "{[/record/statistics/totalCount.do],produces=[application/json;charset=utf-8]}" onto public java.lang.String org.uy.record.controller.StatisticsController.totalCount()
2018-02-21 12:22:29  INFO o.s.w.s.m.m.a.RequestMappingHandlerMapping:543 - Mapped "{[/record/statistics/watchTimeTrend.do],produces=[application/json;charset=utf-8]}" onto public java.lang.String org.uy.record.controller.StatisticsController.watchTimeTrend(java.lang.String)
2018-02-21 12:22:29  INFO o.s.w.s.m.m.a.RequestMappingHandlerMapping:543 - Mapped "{[/record/statistics/levelRadar.do],produces=[application/json;charset=utf-8]}" onto public java.lang.String org.uy.record.controller.StatisticsController.levelRadar()
2018-02-21 12:22:29  INFO o.s.w.s.m.m.a.RequestMappingHandlerMapping:543 - Mapped "{[/record/statistics/movieTypeTop.do],produces=[application/json;charset=utf-8]}" onto public java.lang.String org.uy.record.controller.StatisticsController.movieTypeTop()
2018-02-21 12:22:29  INFO o.s.w.s.m.m.a.RequestMappingHandlerMapping:543 - Mapped "{[/record/statistics/animationTypeTop.do],produces=[application/json;charset=utf-8]}" onto public java.lang.String org.uy.record.controller.StatisticsController.animationTypeTop()
2018-02-21 12:22:29  INFO o.s.w.s.m.m.a.RequestMappingHandlerMapping:543 - Mapped "{[/record/statistics/episodeTypeTop.do],produces=[application/json;charset=utf-8]}" onto public java.lang.String org.uy.record.controller.StatisticsController.episodeTypeTop()
2018-02-21 12:22:29  INFO o.s.w.s.m.m.a.RequestMappingHandlerMapping:543 - Mapped "{[/record/statistics/movieRegionPie.do],produces=[application/json;charset=utf-8]}" onto public java.lang.String org.uy.record.controller.StatisticsController.movieRegionPie()
2018-02-21 12:22:29  INFO o.s.w.s.m.m.a.RequestMappingHandlerMapping:543 - Mapped "{[/record/statistics/episodeDramaTypePie.do],produces=[application/json;charset=utf-8]}" onto public java.lang.String org.uy.record.controller.StatisticsController.episodeDramaTypePie()
2018-02-21 12:22:29  INFO o.s.w.s.m.m.a.RequestMappingHandlerMapping:543 - Mapped "{[/record/statistics/episodePerformersTop.do],produces=[application/json;charset=utf-8]}" onto public java.lang.String org.uy.record.controller.StatisticsController.episodePerformersTop()
2018-02-21 12:22:29  INFO o.s.w.s.m.m.a.RequestMappingHandlerMapping:543 - Mapped "{[/record/statistics/moviePerformersTop.do],produces=[application/json;charset=utf-8]}" onto public java.lang.String org.uy.record.controller.StatisticsController.moviePerformersTop()
2018-02-21 12:22:29  INFO o.s.w.s.m.m.a.RequestMappingHandlerMapping:543 - Mapped "{[/record/statistics/animationPerformersTop.do],produces=[application/json;charset=utf-8]}" onto public java.lang.String org.uy.record.controller.StatisticsController.animationPerformersTop()
2018-02-21 12:22:29  INFO o.s.w.s.m.m.a.RequestMappingHandlerMapping:543 - Mapped "{[/record/statistics/animationDramaTypePie.do],produces=[application/json;charset=utf-8]}" onto public java.lang.String org.uy.record.controller.StatisticsController.animationDramaTypePie()
2018-02-21 12:22:29  INFO o.s.w.s.m.m.a.RequestMappingHandlerMapping:543 - Mapped "{[/record/main/login.do],produces=[application/json;charset=utf-8]}" onto public java.lang.String org.uy.record.controller.UserController.login(java.lang.String,java.lang.String,javax.servlet.http.HttpServletRequest,javax.servlet.http.HttpSession)
2018-02-21 12:22:29  INFO o.s.w.s.m.m.a.RequestMappingHandlerMapping:543 - Mapped "{[/record/main/checkLogin.do],produces=[application/json;charset=utf-8]}" onto public java.lang.String org.uy.record.controller.UserController.checkLogin(javax.servlet.http.HttpSession)
2018-02-21 12:22:29  INFO o.s.w.s.m.m.a.RequestMappingHandlerMapping:543 - Mapped "{[/error]}" onto public org.springframework.http.ResponseEntity<java.util.Map<java.lang.String, java.lang.Object>> org.springframework.boot.autoconfigure.web.BasicErrorController.error(javax.servlet.http.HttpServletRequest)
2018-02-21 12:22:29  INFO o.s.w.s.m.m.a.RequestMappingHandlerMapping:543 - Mapped "{[/error],produces=[text/html]}" onto public org.springframework.web.servlet.ModelAndView org.springframework.boot.autoconfigure.web.BasicErrorController.errorHtml(javax.servlet.http.HttpServletRequest,javax.servlet.http.HttpServletResponse)
2018-02-21 12:22:29  INFO o.s.w.s.h.SimpleUrlHandlerMapping:362 - Mapped URL path [/webjars/**] onto handler of type [class org.springframework.web.servlet.resource.ResourceHttpRequestHandler]
2018-02-21 12:22:29  INFO o.s.w.s.h.SimpleUrlHandlerMapping:362 - Mapped URL path [/**] onto handler of type [class org.springframework.web.servlet.resource.ResourceHttpRequestHandler]
2018-02-21 12:22:29  INFO o.s.w.s.h.SimpleUrlHandlerMapping:362 - Mapped URL path [/**/favicon.ico] onto handler of type [class org.springframework.web.servlet.resource.ResourceHttpRequestHandler]
2018-02-21 12:22:29  INFO o.u.r.RecordApplicationTests:57 - Started RecordApplicationTests in 2.617 seconds (JVM running for 3.154)
2018-02-21 12:22:29  INFO o.s.w.c.s.GenericWebApplicationContext:984 - Closing org.springframework.web.context.support.GenericWebApplicationContext@20bd8be5: startup date [Wed Feb 21 20:22:27 CST 2018]; root of context hierarchy
2018-02-21 12:24:21  INFO o.u.r.RecordApplicationTests:48 - Starting RecordApplicationTests on DESKTOP-FSQI9LQ with PID 6516 (started by UncleYang in E:\MyProject\record)
2018-02-21 12:24:21  INFO o.u.r.RecordApplicationTests:593 - No active profile set, falling back to default profiles: default
2018-02-21 12:24:21  INFO o.s.w.c.s.GenericWebApplicationContext:583 - Refreshing org.springframework.web.context.support.GenericWebApplicationContext@20bd8be5: startup date [Wed Feb 21 20:24:21 CST 2018]; root of context hierarchy
2018-02-21 12:24:22  INFO o.h.v.i.u.Version:30 - HV000001: Hibernate Validator 5.3.6.Final
2018-02-21 12:24:22  INFO o.s.b.f.s.DefaultListableBeanFactory:828 - Overriding bean definition for bean 'dataSource' with a different definition: replacing [Root bean: class [null]; scope=; abstract=false; lazyInit=false; autowireMode=3; dependencyCheck=0; autowireCandidate=true; primary=false; factoryBeanName=org.springframework.boot.autoconfigure.jdbc.DataSourceConfiguration$Generic; factoryMethodName=dataSource; initMethodName=null; destroyMethodName=(inferred); defined in class path resource [org/springframework/boot/autoconfigure/jdbc/DataSourceConfiguration$Generic.class]] with [Root bean: class [null]; scope=; abstract=false; lazyInit=false; autowireMode=3; dependencyCheck=0; autowireCandidate=true; primary=false; factoryBeanName=org.springframework.boot.autoconfigure.jdbc.DataSourceConfiguration$Hikari; factoryMethodName=dataSource; initMethodName=null; destroyMethodName=(inferred); defined in class path resource [org/springframework/boot/autoconfigure/jdbc/DataSourceConfiguration$Hikari.class]]
2018-02-21 12:24:23  INFO o.q.i.StdSchedulerFactory:1172 - Using default implementation for ThreadExecutor
2018-02-21 12:24:23  INFO o.q.s.SimpleThreadPool:268 - Job execution threads will use class loader of thread: main
2018-02-21 12:24:23  INFO o.q.c.SchedulerSignalerImpl:61 - Initialized Scheduler Signaller of type: class org.quartz.core.SchedulerSignalerImpl
2018-02-21 12:24:23  INFO o.q.c.QuartzScheduler:240 - Quartz Scheduler v.2.2.2 created.
2018-02-21 12:24:23  INFO o.q.s.RAMJobStore:155 - RAMJobStore initialized.
2018-02-21 12:24:23  INFO o.q.c.QuartzScheduler:305 - Scheduler meta-data: Quartz Scheduler (v2.2.2) 'DefaultQuartzScheduler' with instanceId 'NON_CLUSTERED'
  Scheduler class: 'org.quartz.core.QuartzScheduler' - running locally.
  NOT STARTED.
  Currently in standby mode.
  Number of jobs executed: 0
  Using thread pool 'org.quartz.simpl.SimpleThreadPool' - with 10 threads.
  Using job-store 'org.quartz.simpl.RAMJobStore' - which does not support persistence. and is not clustered.

2018-02-21 12:24:23  INFO o.q.i.StdSchedulerFactory:1327 - Quartz scheduler 'DefaultQuartzScheduler' initialized from default resource file in Quartz package: 'quartz.properties'
2018-02-21 12:24:23  INFO o.q.i.StdSchedulerFactory:1331 - Quartz scheduler version: 2.2.2
2018-02-21 12:24:23  INFO o.u.r.j.MainScheduler:33 - 重置系统参数任务配置完成
2018-02-21 12:24:23  INFO o.u.r.j.MainScheduler:43 - 日常报告任务配置完成
2018-02-21 12:24:23  INFO o.q.c.QuartzScheduler:575 - Scheduler DefaultQuartzScheduler_$_NON_CLUSTERED started.
2018-02-21 12:24:23  INFO o.s.w.s.m.m.a.RequestMappingHandlerAdapter:534 - Looking for @ControllerAdvice: org.springframework.web.context.support.GenericWebApplicationContext@20bd8be5: startup date [Wed Feb 21 20:24:21 CST 2018]; root of context hierarchy
2018-02-21 12:24:23  INFO o.s.w.s.m.m.a.RequestMappingHandlerMapping:543 - Mapped "{[/record/animation/addAnimation.do],produces=[application/json;charset=utf-8]}" onto public java.lang.String org.uy.record.controller.AnimationController.addAnimation(java.util.Map<java.lang.String, java.lang.Object>)
2018-02-21 12:24:23  INFO o.s.w.s.m.m.a.RequestMappingHandlerMapping:543 - Mapped "{[/record/animation/animationList.do],produces=[application/json;charset=utf-8]}" onto public java.lang.String org.uy.record.controller.AnimationController.animationList(java.util.Map<java.lang.String, java.lang.Object>)
2018-02-21 12:24:23  INFO o.s.w.s.m.m.a.RequestMappingHandlerMapping:543 - Mapped "{[/record/animation/getAnimationInfo.do],produces=[application/json;charset=utf-8]}" onto public java.lang.String org.uy.record.controller.AnimationController.getAnimationInfo(java.lang.String)
2018-02-21 12:24:23  INFO o.s.w.s.m.m.a.RequestMappingHandlerMapping:543 - Mapped "{[/record/animation/updateAnimation.do],produces=[application/json;charset=utf-8]}" onto public java.lang.String org.uy.record.controller.AnimationController.updateAnimation(java.util.Map<java.lang.String, java.lang.Object>)
2018-02-21 12:24:23  INFO o.s.w.s.m.m.a.RequestMappingHandlerMapping:543 - Mapped "{[/record/animation/animationInfoPull.do],produces=[application/json;charset=utf-8]}" onto public java.lang.String org.uy.record.controller.AnimationController.animationInfoPull(java.lang.String)
2018-02-21 12:24:23  INFO o.s.w.s.m.m.a.RequestMappingHandlerMapping:543 - Mapped "{[/record/episode/episodeInfoPull.do],produces=[application/json;charset=utf-8]}" onto public java.lang.String org.uy.record.controller.EpisodeController.episodeInfoPull(java.lang.String)
2018-02-21 12:24:23  INFO o.s.w.s.m.m.a.RequestMappingHandlerMapping:543 - Mapped "{[/record/episode/updateEpisode.do],produces=[application/json;charset=utf-8]}" onto public java.lang.String org.uy.record.controller.EpisodeController.updateEpisode(java.util.Map<java.lang.String, java.lang.Object>)
2018-02-21 12:24:23  INFO o.s.w.s.m.m.a.RequestMappingHandlerMapping:543 - Mapped "{[/record/episode/episodeList.do],produces=[application/json;charset=utf-8]}" onto public java.lang.String org.uy.record.controller.EpisodeController.episodeList(java.util.Map<java.lang.String, java.lang.Object>)
2018-02-21 12:24:23  INFO o.s.w.s.m.m.a.RequestMappingHandlerMapping:543 - Mapped "{[/record/episode/addEpisode.do],produces=[application/json;charset=utf-8]}" onto public java.lang.String org.uy.record.controller.EpisodeController.addEpisode(java.util.Map<java.lang.String, java.lang.Object>)
2018-02-21 12:24:23  INFO o.s.w.s.m.m.a.RequestMappingHandlerMapping:543 - Mapped "{[/record/episode/getEpisodeInfo.do],produces=[application/json;charset=utf-8]}" onto public java.lang.String org.uy.record.controller.EpisodeController.getEpisodeInfo(java.lang.String)
2018-02-21 12:24:23  INFO o.s.w.s.m.m.a.RequestMappingHandlerMapping:543 - Mapped "{[/record]}" onto public java.lang.String org.uy.record.controller.IndexController.index()
2018-02-21 12:24:23  INFO o.s.w.s.m.m.a.RequestMappingHandlerMapping:543 - Mapped "{[/record/movie/addMovie.do],produces=[application/json;charset=utf-8]}" onto public java.lang.String org.uy.record.controller.MovieController.addMovie(java.util.Map<java.lang.String, java.lang.Object>)
2018-02-21 12:24:23  INFO o.s.w.s.m.m.a.RequestMappingHandlerMapping:543 - Mapped "{[/record/movie/updateMovie.do],produces=[application/json;charset=utf-8]}" onto public java.lang.String org.uy.record.controller.MovieController.updateMovie(java.util.Map<java.lang.String, java.lang.Object>)
2018-02-21 12:24:23  INFO o.s.w.s.m.m.a.RequestMappingHandlerMapping:543 - Mapped "{[/record/movie/movieInfoPull.do],produces=[application/json;charset=utf-8]}" onto public java.lang.String org.uy.record.controller.MovieController.movieInfoPull(java.lang.String)
2018-02-21 12:24:23  INFO o.s.w.s.m.m.a.RequestMappingHandlerMapping:543 - Mapped "{[/record/movie/movieList.do],produces=[application/json;charset=utf-8]}" onto public java.lang.String org.uy.record.controller.MovieController.movieList(java.util.Map<java.lang.String, java.lang.Object>)
2018-02-21 12:24:23  INFO o.s.w.s.m.m.a.RequestMappingHandlerMapping:543 - Mapped "{[/record/movie/getMovieInfo.do],produces=[application/json;charset=utf-8]}" onto public java.lang.String org.uy.record.controller.MovieController.getMovieInfo(java.lang.String)
2018-02-21 12:24:23  INFO o.s.w.s.m.m.a.RequestMappingHandlerMapping:543 - Mapped "{[/record/operation/operationList.do],produces=[application/json;charset=utf-8]}" onto public java.lang.String org.uy.record.controller.OperationController.operationList(java.util.Map<java.lang.String, java.lang.Object>)
2018-02-21 12:24:23  INFO o.s.w.s.m.m.a.RequestMappingHandlerMapping:543 - Mapped "{[/record/statistics/moviePerformersTop.do],produces=[application/json;charset=utf-8]}" onto public java.lang.String org.uy.record.controller.StatisticsController.moviePerformersTop()
2018-02-21 12:24:23  INFO o.s.w.s.m.m.a.RequestMappingHandlerMapping:543 - Mapped "{[/record/statistics/animationDramaTypePie.do],produces=[application/json;charset=utf-8]}" onto public java.lang.String org.uy.record.controller.StatisticsController.animationDramaTypePie()
2018-02-21 12:24:23  INFO o.s.w.s.m.m.a.RequestMappingHandlerMapping:543 - Mapped "{[/record/statistics/episodePerformersTop.do],produces=[application/json;charset=utf-8]}" onto public java.lang.String org.uy.record.controller.StatisticsController.episodePerformersTop()
2018-02-21 12:24:23  INFO o.s.w.s.m.m.a.RequestMappingHandlerMapping:543 - Mapped "{[/record/statistics/episodeDramaTypePie.do],produces=[application/json;charset=utf-8]}" onto public java.lang.String org.uy.record.controller.StatisticsController.episodeDramaTypePie()
2018-02-21 12:24:23  INFO o.s.w.s.m.m.a.RequestMappingHandlerMapping:543 - Mapped "{[/record/statistics/animationPerformersTop.do],produces=[application/json;charset=utf-8]}" onto public java.lang.String org.uy.record.controller.StatisticsController.animationPerformersTop()
2018-02-21 12:24:23  INFO o.s.w.s.m.m.a.RequestMappingHandlerMapping:543 - Mapped "{[/record/statistics/totalCount.do],produces=[application/json;charset=utf-8]}" onto public java.lang.String org.uy.record.controller.StatisticsController.totalCount()
2018-02-21 12:24:23  INFO o.s.w.s.m.m.a.RequestMappingHandlerMapping:543 - Mapped "{[/record/statistics/watchTimeTrend.do],produces=[application/json;charset=utf-8]}" onto public java.lang.String org.uy.record.controller.StatisticsController.watchTimeTrend(java.lang.String)
2018-02-21 12:24:23  INFO o.s.w.s.m.m.a.RequestMappingHandlerMapping:543 - Mapped "{[/record/statistics/episodeTypeTop.do],produces=[application/json;charset=utf-8]}" onto public java.lang.String org.uy.record.controller.StatisticsController.episodeTypeTop()
2018-02-21 12:24:23  INFO o.s.w.s.m.m.a.RequestMappingHandlerMapping:543 - Mapped "{[/record/statistics/movieTypeTop.do],produces=[application/json;charset=utf-8]}" onto public java.lang.String org.uy.record.controller.StatisticsController.movieTypeTop()
2018-02-21 12:24:23  INFO o.s.w.s.m.m.a.RequestMappingHandlerMapping:543 - Mapped "{[/record/statistics/animationTypeTop.do],produces=[application/json;charset=utf-8]}" onto public java.lang.String org.uy.record.controller.StatisticsController.animationTypeTop()
2018-02-21 12:24:23  INFO o.s.w.s.m.m.a.RequestMappingHandlerMapping:543 - Mapped "{[/record/statistics/movieRegionPie.do],produces=[application/json;charset=utf-8]}" onto public java.lang.String org.uy.record.controller.StatisticsController.movieRegionPie()
2018-02-21 12:24:23  INFO o.s.w.s.m.m.a.RequestMappingHandlerMapping:543 - Mapped "{[/record/statistics/levelRadar.do],produces=[application/json;charset=utf-8]}" onto public java.lang.String org.uy.record.controller.StatisticsController.levelRadar()
2018-02-21 12:24:23  INFO o.s.w.s.m.m.a.RequestMappingHandlerMapping:543 - Mapped "{[/record/main/login.do],produces=[application/json;charset=utf-8]}" onto public java.lang.String org.uy.record.controller.UserController.login(java.lang.String,java.lang.String,javax.servlet.http.HttpServletRequest,javax.servlet.http.HttpSession)
2018-02-21 12:24:23  INFO o.s.w.s.m.m.a.RequestMappingHandlerMapping:543 - Mapped "{[/record/main/checkLogin.do],produces=[application/json;charset=utf-8]}" onto public java.lang.String org.uy.record.controller.UserController.checkLogin(javax.servlet.http.HttpSession)
2018-02-21 12:24:23  INFO o.s.w.s.m.m.a.RequestMappingHandlerMapping:543 - Mapped "{[/error]}" onto public org.springframework.http.ResponseEntity<java.util.Map<java.lang.String, java.lang.Object>> org.springframework.boot.autoconfigure.web.BasicErrorController.error(javax.servlet.http.HttpServletRequest)
2018-02-21 12:24:23  INFO o.s.w.s.m.m.a.RequestMappingHandlerMapping:543 - Mapped "{[/error],produces=[text/html]}" onto public org.springframework.web.servlet.ModelAndView org.springframework.boot.autoconfigure.web.BasicErrorController.errorHtml(javax.servlet.http.HttpServletRequest,javax.servlet.http.HttpServletResponse)
2018-02-21 12:24:23  INFO o.s.w.s.h.SimpleUrlHandlerMapping:362 - Mapped URL path [/webjars/**] onto handler of type [class org.springframework.web.servlet.resource.ResourceHttpRequestHandler]
2018-02-21 12:24:23  INFO o.s.w.s.h.SimpleUrlHandlerMapping:362 - Mapped URL path [/**] onto handler of type [class org.springframework.web.servlet.resource.ResourceHttpRequestHandler]
2018-02-21 12:24:23  INFO o.s.w.s.h.SimpleUrlHandlerMapping:362 - Mapped URL path [/**/favicon.ico] onto handler of type [class org.springframework.web.servlet.resource.ResourceHttpRequestHandler]
2018-02-21 12:24:24  INFO o.u.r.RecordApplicationTests:57 - Started RecordApplicationTests in 3.011 seconds (JVM running for 3.548)
2018-02-21 12:24:24  INFO o.s.w.c.s.GenericWebApplicationContext:984 - Closing org.springframework.web.context.support.GenericWebApplicationContext@20bd8be5: startup date [Wed Feb 21 20:24:21 CST 2018]; root of context hierarchy
