2019-01-23 06:10:52  INFO o.u.r.RecordApplicationTests:48 - Starting RecordApplicationTests on DESKTOP-CL6QSNC with PID 13584 (started by adminstartor in F:\MyProject\record)
2019-01-23 06:10:52  INFO o.u.r.RecordApplicationTests:593 - No active profile set, falling back to default profiles: default
2019-01-23 06:10:52  INFO o.s.w.c.s.GenericWebApplicationContext:583 - Refreshing org.springframework.web.context.support.GenericWebApplicationContext@24959ca4: startup date [Wed Jan 23 14:10:52 CST 2019]; root of context hierarchy
2019-01-23 06:10:52  INFO o.h.v.i.u.Version:30 - HV000001: Hibernate Validator 5.3.6.Final
2019-01-23 06:10:52  INFO o.s.b.f.s.DefaultListableBeanFactory:828 - Overriding bean definition for bean 'dataSource' with a different definition: replacing [Root bean: class [null]; scope=; abstract=false; lazyInit=false; autowireMode=3; dependencyCheck=0; autowireCandidate=true; primary=false; factoryBeanName=org.springframework.boot.autoconfigure.jdbc.DataSourceConfiguration$Generic; factoryMethodName=dataSource; initMethodName=null; destroyMethodName=(inferred); defined in class path resource [org/springframework/boot/autoconfigure/jdbc/DataSourceConfiguration$Generic.class]] with [Root bean: class [null]; scope=; abstract=false; lazyInit=false; autowireMode=3; dependencyCheck=0; autowireCandidate=true; primary=false; factoryBeanName=org.springframework.boot.autoconfigure.jdbc.DataSourceConfiguration$Hikari; factoryMethodName=dataSource; initMethodName=null; destroyMethodName=(inferred); defined in class path resource [org/springframework/boot/autoconfigure/jdbc/DataSourceConfiguration$Hikari.class]]
2019-01-23 06:10:54  INFO o.s.w.s.m.m.a.RequestMappingHandlerAdapter:534 - Looking for @ControllerAdvice: org.springframework.web.context.support.GenericWebApplicationContext@24959ca4: startup date [Wed Jan 23 14:10:52 CST 2019]; root of context hierarchy
2019-01-23 06:10:54  INFO o.s.w.s.m.m.a.RequestMappingHandlerMapping:543 - Mapped "{[/record/animation/getAnimationInfo.do],produces=[application/json;charset=utf-8]}" onto public java.lang.String org.uy.record.controller.AnimationController.getAnimationInfo(java.lang.String)
2019-01-23 06:10:54  INFO o.s.w.s.m.m.a.RequestMappingHandlerMapping:543 - Mapped "{[/record/animation/updateAnimation.do],produces=[application/json;charset=utf-8]}" onto public java.lang.String org.uy.record.controller.AnimationController.updateAnimation(java.util.Map<java.lang.String, java.lang.Object>)
2019-01-23 06:10:54  INFO o.s.w.s.m.m.a.RequestMappingHandlerMapping:543 - Mapped "{[/record/animation/deleteAnimation.do],produces=[application/json;charset=utf-8]}" onto public java.lang.String org.uy.record.controller.AnimationController.deleteAnimation(java.lang.String)
2019-01-23 06:10:54  INFO o.s.w.s.m.m.a.RequestMappingHandlerMapping:543 - Mapped "{[/record/animation/addAnimation.do],produces=[application/json;charset=utf-8]}" onto public java.lang.String org.uy.record.controller.AnimationController.addAnimation(java.util.Map<java.lang.String, java.lang.Object>)
2019-01-23 06:10:54  INFO o.s.w.s.m.m.a.RequestMappingHandlerMapping:543 - Mapped "{[/record/animation/animationList.do],produces=[application/json;charset=utf-8]}" onto public java.lang.String org.uy.record.controller.AnimationController.animationList(java.util.Map<java.lang.String, java.lang.Object>)
2019-01-23 06:10:54  INFO o.s.w.s.m.m.a.RequestMappingHandlerMapping:543 - Mapped "{[/record/animation/animationInfoPull.do],produces=[application/json;charset=utf-8]}" onto public java.lang.String org.uy.record.controller.AnimationController.animationInfoPull(java.lang.String)
2019-01-23 06:10:54  INFO o.s.w.s.m.m.a.RequestMappingHandlerMapping:543 - Mapped "{[/record/episode/episodeList.do],produces=[application/json;charset=utf-8]}" onto public java.lang.String org.uy.record.controller.EpisodeController.episodeList(java.util.Map<java.lang.String, java.lang.Object>)
2019-01-23 06:10:54  INFO o.s.w.s.m.m.a.RequestMappingHandlerMapping:543 - Mapped "{[/record/episode/episodeInfoPull.do],produces=[application/json;charset=utf-8]}" onto public java.lang.String org.uy.record.controller.EpisodeController.episodeInfoPull(java.lang.String)
2019-01-23 06:10:54  INFO o.s.w.s.m.m.a.RequestMappingHandlerMapping:543 - Mapped "{[/record/episode/updateEpisode.do],produces=[application/json;charset=utf-8]}" onto public java.lang.String org.uy.record.controller.EpisodeController.updateEpisode(java.util.Map<java.lang.String, java.lang.Object>)
2019-01-23 06:10:54  INFO o.s.w.s.m.m.a.RequestMappingHandlerMapping:543 - Mapped "{[/record/episode/getEpisodeInfo.do],produces=[application/json;charset=utf-8]}" onto public java.lang.String org.uy.record.controller.EpisodeController.getEpisodeInfo(java.lang.String)
2019-01-23 06:10:54  INFO o.s.w.s.m.m.a.RequestMappingHandlerMapping:543 - Mapped "{[/record/episode/addEpisode.do],produces=[application/json;charset=utf-8]}" onto public java.lang.String org.uy.record.controller.EpisodeController.addEpisode(java.util.Map<java.lang.String, java.lang.Object>)
2019-01-23 06:10:54  INFO o.s.w.s.m.m.a.RequestMappingHandlerMapping:543 - Mapped "{[/record/episode/deleteEpisode.do],produces=[application/json;charset=utf-8]}" onto public java.lang.String org.uy.record.controller.EpisodeController.deleteEpisode(java.lang.String)
2019-01-23 06:10:54  INFO o.s.w.s.m.m.a.RequestMappingHandlerMapping:543 - Mapped "{[/record]}" onto public java.lang.String org.uy.record.controller.IndexController.index()
2019-01-23 06:10:54  INFO o.s.w.s.m.m.a.RequestMappingHandlerMapping:543 - Mapped "{[/record/movie/movieInfoPull.do],produces=[application/json;charset=utf-8]}" onto public java.lang.String org.uy.record.controller.MovieController.movieInfoPull(java.lang.String)
2019-01-23 06:10:54  INFO o.s.w.s.m.m.a.RequestMappingHandlerMapping:543 - Mapped "{[/record/movie/getMovieInfo.do],produces=[application/json;charset=utf-8]}" onto public java.lang.String org.uy.record.controller.MovieController.getMovieInfo(java.lang.String)
2019-01-23 06:10:54  INFO o.s.w.s.m.m.a.RequestMappingHandlerMapping:543 - Mapped "{[/record/movie/movieList.do],produces=[application/json;charset=utf-8]}" onto public java.lang.String org.uy.record.controller.MovieController.movieList(java.util.Map<java.lang.String, java.lang.Object>)
2019-01-23 06:10:54  INFO o.s.w.s.m.m.a.RequestMappingHandlerMapping:543 - Mapped "{[/record/movie/addMovie.do],produces=[application/json;charset=utf-8]}" onto public java.lang.String org.uy.record.controller.MovieController.addMovie(java.util.Map<java.lang.String, java.lang.Object>)
2019-01-23 06:10:54  INFO o.s.w.s.m.m.a.RequestMappingHandlerMapping:543 - Mapped "{[/record/movie/updateMovie.do],produces=[application/json;charset=utf-8]}" onto public java.lang.String org.uy.record.controller.MovieController.updateMovie(java.util.Map<java.lang.String, java.lang.Object>)
2019-01-23 06:10:54  INFO o.s.w.s.m.m.a.RequestMappingHandlerMapping:543 - Mapped "{[/record/operation/operationList.do],produces=[application/json;charset=utf-8]}" onto public java.lang.String org.uy.record.controller.OperationController.operationList(java.util.Map<java.lang.String, java.lang.Object>)
2019-01-23 06:10:54  INFO o.s.w.s.m.m.a.RequestMappingHandlerMapping:543 - Mapped "{[/record/statistics/totalCount.do],produces=[application/json;charset=utf-8]}" onto public java.lang.String org.uy.record.controller.StatisticsController.totalCount()
2019-01-23 06:10:54  INFO o.s.w.s.m.m.a.RequestMappingHandlerMapping:543 - Mapped "{[/record/statistics/animationTypeTop.do],produces=[application/json;charset=utf-8]}" onto public java.lang.String org.uy.record.controller.StatisticsController.animationTypeTop()
2019-01-23 06:10:54  INFO o.s.w.s.m.m.a.RequestMappingHandlerMapping:543 - Mapped "{[/record/statistics/movieTypeTop.do],produces=[application/json;charset=utf-8]}" onto public java.lang.String org.uy.record.controller.StatisticsController.movieTypeTop()
2019-01-23 06:10:54  INFO o.s.w.s.m.m.a.RequestMappingHandlerMapping:543 - Mapped "{[/record/statistics/movieRegionPie.do],produces=[application/json;charset=utf-8]}" onto public java.lang.String org.uy.record.controller.StatisticsController.movieRegionPie()
2019-01-23 06:10:54  INFO o.s.w.s.m.m.a.RequestMappingHandlerMapping:543 - Mapped "{[/record/statistics/levelRadar.do],produces=[application/json;charset=utf-8]}" onto public java.lang.String org.uy.record.controller.StatisticsController.levelRadar()
2019-01-23 06:10:54  INFO o.s.w.s.m.m.a.RequestMappingHandlerMapping:543 - Mapped "{[/record/statistics/episodeTypeTop.do],produces=[application/json;charset=utf-8]}" onto public java.lang.String org.uy.record.controller.StatisticsController.episodeTypeTop()
2019-01-23 06:10:54  INFO o.s.w.s.m.m.a.RequestMappingHandlerMapping:543 - Mapped "{[/record/statistics/watchTimeTrend.do],produces=[application/json;charset=utf-8]}" onto public java.lang.String org.uy.record.controller.StatisticsController.watchTimeTrend(java.lang.String)
2019-01-23 06:10:54  INFO o.s.w.s.m.m.a.RequestMappingHandlerMapping:543 - Mapped "{[/record/statistics/episodePerformersTop.do],produces=[application/json;charset=utf-8]}" onto public java.lang.String org.uy.record.controller.StatisticsController.episodePerformersTop()
2019-01-23 06:10:54  INFO o.s.w.s.m.m.a.RequestMappingHandlerMapping:543 - Mapped "{[/record/statistics/animationPerformersTop.do],produces=[application/json;charset=utf-8]}" onto public java.lang.String org.uy.record.controller.StatisticsController.animationPerformersTop()
2019-01-23 06:10:54  INFO o.s.w.s.m.m.a.RequestMappingHandlerMapping:543 - Mapped "{[/record/statistics/animationDramaTypePie.do],produces=[application/json;charset=utf-8]}" onto public java.lang.String org.uy.record.controller.StatisticsController.animationDramaTypePie()
2019-01-23 06:10:54  INFO o.s.w.s.m.m.a.RequestMappingHandlerMapping:543 - Mapped "{[/record/statistics/episodeDramaTypePie.do],produces=[application/json;charset=utf-8]}" onto public java.lang.String org.uy.record.controller.StatisticsController.episodeDramaTypePie()
2019-01-23 06:10:54  INFO o.s.w.s.m.m.a.RequestMappingHandlerMapping:543 - Mapped "{[/record/statistics/moviePerformersTop.do],produces=[application/json;charset=utf-8]}" onto public java.lang.String org.uy.record.controller.StatisticsController.moviePerformersTop()
2019-01-23 06:10:54  INFO o.s.w.s.m.m.a.RequestMappingHandlerMapping:543 - Mapped "{[/record/main/login.do],produces=[application/json;charset=utf-8]}" onto public java.lang.String org.uy.record.controller.UserController.login(java.lang.String,java.lang.String,javax.servlet.http.HttpServletRequest,javax.servlet.http.HttpSession)
2019-01-23 06:10:54  INFO o.s.w.s.m.m.a.RequestMappingHandlerMapping:543 - Mapped "{[/record/main/checkLogin.do],produces=[application/json;charset=utf-8]}" onto public java.lang.String org.uy.record.controller.UserController.checkLogin(javax.servlet.http.HttpSession)
2019-01-23 06:10:54  INFO o.s.w.s.m.m.a.RequestMappingHandlerMapping:543 - Mapped "{[/error]}" onto public org.springframework.http.ResponseEntity<java.util.Map<java.lang.String, java.lang.Object>> org.springframework.boot.autoconfigure.web.BasicErrorController.error(javax.servlet.http.HttpServletRequest)
2019-01-23 06:10:54  INFO o.s.w.s.m.m.a.RequestMappingHandlerMapping:543 - Mapped "{[/error],produces=[text/html]}" onto public org.springframework.web.servlet.ModelAndView org.springframework.boot.autoconfigure.web.BasicErrorController.errorHtml(javax.servlet.http.HttpServletRequest,javax.servlet.http.HttpServletResponse)
2019-01-23 06:10:54  INFO o.s.w.s.h.SimpleUrlHandlerMapping:362 - Mapped URL path [/webjars/**] onto handler of type [class org.springframework.web.servlet.resource.ResourceHttpRequestHandler]
2019-01-23 06:10:54  INFO o.s.w.s.h.SimpleUrlHandlerMapping:362 - Mapped URL path [/**] onto handler of type [class org.springframework.web.servlet.resource.ResourceHttpRequestHandler]
2019-01-23 06:10:54  INFO o.s.w.s.h.SimpleUrlHandlerMapping:362 - Mapped URL path [/**/favicon.ico] onto handler of type [class org.springframework.web.servlet.resource.ResourceHttpRequestHandler]
2019-01-23 06:10:55  INFO o.s.s.a.ScheduledAnnotationBeanPostProcessor:268 - No TaskScheduler/ScheduledExecutorService bean found for scheduled processing
2019-01-23 06:10:55  INFO o.u.r.RecordApplicationTests:57 - Started RecordApplicationTests in 3.487 seconds (JVM running for 4.298)
2019-01-23 06:10:55  INFO o.s.w.c.s.GenericWebApplicationContext:984 - Closing org.springframework.web.context.support.GenericWebApplicationContext@24959ca4: startup date [Wed Jan 23 14:10:52 CST 2019]; root of context hierarchy
2019-01-23 06:11:33  INFO o.u.r.RecordApplicationTests:48 - Starting RecordApplicationTests on DESKTOP-CL6QSNC with PID 5932 (started by adminstartor in F:\MyProject\record)
2019-01-23 06:11:33  INFO o.u.r.RecordApplicationTests:593 - No active profile set, falling back to default profiles: default
2019-01-23 06:11:33  INFO o.s.w.c.s.GenericWebApplicationContext:583 - Refreshing org.springframework.web.context.support.GenericWebApplicationContext@24959ca4: startup date [Wed Jan 23 14:11:33 CST 2019]; root of context hierarchy
2019-01-23 06:11:33  INFO o.h.v.i.u.Version:30 - HV000001: Hibernate Validator 5.3.6.Final
2019-01-23 06:11:33  INFO o.s.b.f.s.DefaultListableBeanFactory:828 - Overriding bean definition for bean 'dataSource' with a different definition: replacing [Root bean: class [null]; scope=; abstract=false; lazyInit=false; autowireMode=3; dependencyCheck=0; autowireCandidate=true; primary=false; factoryBeanName=org.springframework.boot.autoconfigure.jdbc.DataSourceConfiguration$Generic; factoryMethodName=dataSource; initMethodName=null; destroyMethodName=(inferred); defined in class path resource [org/springframework/boot/autoconfigure/jdbc/DataSourceConfiguration$Generic.class]] with [Root bean: class [null]; scope=; abstract=false; lazyInit=false; autowireMode=3; dependencyCheck=0; autowireCandidate=true; primary=false; factoryBeanName=org.springframework.boot.autoconfigure.jdbc.DataSourceConfiguration$Hikari; factoryMethodName=dataSource; initMethodName=null; destroyMethodName=(inferred); defined in class path resource [org/springframework/boot/autoconfigure/jdbc/DataSourceConfiguration$Hikari.class]]
2019-01-23 06:11:35  INFO o.s.w.s.m.m.a.RequestMappingHandlerAdapter:534 - Looking for @ControllerAdvice: org.springframework.web.context.support.GenericWebApplicationContext@24959ca4: startup date [Wed Jan 23 14:11:33 CST 2019]; root of context hierarchy
2019-01-23 06:11:36  INFO o.s.w.s.m.m.a.RequestMappingHandlerMapping:543 - Mapped "{[/record/animation/addAnimation.do],produces=[application/json;charset=utf-8]}" onto public java.lang.String org.uy.record.controller.AnimationController.addAnimation(java.util.Map<java.lang.String, java.lang.Object>)
2019-01-23 06:11:36  INFO o.s.w.s.m.m.a.RequestMappingHandlerMapping:543 - Mapped "{[/record/animation/animationList.do],produces=[application/json;charset=utf-8]}" onto public java.lang.String org.uy.record.controller.AnimationController.animationList(java.util.Map<java.lang.String, java.lang.Object>)
2019-01-23 06:11:36  INFO o.s.w.s.m.m.a.RequestMappingHandlerMapping:543 - Mapped "{[/record/animation/deleteAnimation.do],produces=[application/json;charset=utf-8]}" onto public java.lang.String org.uy.record.controller.AnimationController.deleteAnimation(java.lang.String)
2019-01-23 06:11:36  INFO o.s.w.s.m.m.a.RequestMappingHandlerMapping:543 - Mapped "{[/record/animation/getAnimationInfo.do],produces=[application/json;charset=utf-8]}" onto public java.lang.String org.uy.record.controller.AnimationController.getAnimationInfo(java.lang.String)
2019-01-23 06:11:36  INFO o.s.w.s.m.m.a.RequestMappingHandlerMapping:543 - Mapped "{[/record/animation/updateAnimation.do],produces=[application/json;charset=utf-8]}" onto public java.lang.String org.uy.record.controller.AnimationController.updateAnimation(java.util.Map<java.lang.String, java.lang.Object>)
2019-01-23 06:11:36  INFO o.s.w.s.m.m.a.RequestMappingHandlerMapping:543 - Mapped "{[/record/animation/animationInfoPull.do],produces=[application/json;charset=utf-8]}" onto public java.lang.String org.uy.record.controller.AnimationController.animationInfoPull(java.lang.String)
2019-01-23 06:11:36  INFO o.s.w.s.m.m.a.RequestMappingHandlerMapping:543 - Mapped "{[/record/episode/getEpisodeInfo.do],produces=[application/json;charset=utf-8]}" onto public java.lang.String org.uy.record.controller.EpisodeController.getEpisodeInfo(java.lang.String)
2019-01-23 06:11:36  INFO o.s.w.s.m.m.a.RequestMappingHandlerMapping:543 - Mapped "{[/record/episode/episodeInfoPull.do],produces=[application/json;charset=utf-8]}" onto public java.lang.String org.uy.record.controller.EpisodeController.episodeInfoPull(java.lang.String)
2019-01-23 06:11:36  INFO o.s.w.s.m.m.a.RequestMappingHandlerMapping:543 - Mapped "{[/record/episode/deleteEpisode.do],produces=[application/json;charset=utf-8]}" onto public java.lang.String org.uy.record.controller.EpisodeController.deleteEpisode(java.lang.String)
2019-01-23 06:11:36  INFO o.s.w.s.m.m.a.RequestMappingHandlerMapping:543 - Mapped "{[/record/episode/episodeList.do],produces=[application/json;charset=utf-8]}" onto public java.lang.String org.uy.record.controller.EpisodeController.episodeList(java.util.Map<java.lang.String, java.lang.Object>)
2019-01-23 06:11:36  INFO o.s.w.s.m.m.a.RequestMappingHandlerMapping:543 - Mapped "{[/record/episode/addEpisode.do],produces=[application/json;charset=utf-8]}" onto public java.lang.String org.uy.record.controller.EpisodeController.addEpisode(java.util.Map<java.lang.String, java.lang.Object>)
2019-01-23 06:11:36  INFO o.s.w.s.m.m.a.RequestMappingHandlerMapping:543 - Mapped "{[/record/episode/updateEpisode.do],produces=[application/json;charset=utf-8]}" onto public java.lang.String org.uy.record.controller.EpisodeController.updateEpisode(java.util.Map<java.lang.String, java.lang.Object>)
2019-01-23 06:11:36  INFO o.s.w.s.m.m.a.RequestMappingHandlerMapping:543 - Mapped "{[/record]}" onto public java.lang.String org.uy.record.controller.IndexController.index()
2019-01-23 06:11:36  INFO o.s.w.s.m.m.a.RequestMappingHandlerMapping:543 - Mapped "{[/record/movie/getMovieInfo.do],produces=[application/json;charset=utf-8]}" onto public java.lang.String org.uy.record.controller.MovieController.getMovieInfo(java.lang.String)
2019-01-23 06:11:36  INFO o.s.w.s.m.m.a.RequestMappingHandlerMapping:543 - Mapped "{[/record/movie/movieInfoPull.do],produces=[application/json;charset=utf-8]}" onto public java.lang.String org.uy.record.controller.MovieController.movieInfoPull(java.lang.String)
2019-01-23 06:11:36  INFO o.s.w.s.m.m.a.RequestMappingHandlerMapping:543 - Mapped "{[/record/movie/movieList.do],produces=[application/json;charset=utf-8]}" onto public java.lang.String org.uy.record.controller.MovieController.movieList(java.util.Map<java.lang.String, java.lang.Object>)
2019-01-23 06:11:36  INFO o.s.w.s.m.m.a.RequestMappingHandlerMapping:543 - Mapped "{[/record/movie/addMovie.do],produces=[application/json;charset=utf-8]}" onto public java.lang.String org.uy.record.controller.MovieController.addMovie(java.util.Map<java.lang.String, java.lang.Object>)
2019-01-23 06:11:36  INFO o.s.w.s.m.m.a.RequestMappingHandlerMapping:543 - Mapped "{[/record/movie/updateMovie.do],produces=[application/json;charset=utf-8]}" onto public java.lang.String org.uy.record.controller.MovieController.updateMovie(java.util.Map<java.lang.String, java.lang.Object>)
2019-01-23 06:11:36  INFO o.s.w.s.m.m.a.RequestMappingHandlerMapping:543 - Mapped "{[/record/operation/operationList.do],produces=[application/json;charset=utf-8]}" onto public java.lang.String org.uy.record.controller.OperationController.operationList(java.util.Map<java.lang.String, java.lang.Object>)
2019-01-23 06:11:36  INFO o.s.w.s.m.m.a.RequestMappingHandlerMapping:543 - Mapped "{[/record/statistics/episodePerformersTop.do],produces=[application/json;charset=utf-8]}" onto public java.lang.String org.uy.record.controller.StatisticsController.episodePerformersTop()
2019-01-23 06:11:36  INFO o.s.w.s.m.m.a.RequestMappingHandlerMapping:543 - Mapped "{[/record/statistics/animationDramaTypePie.do],produces=[application/json;charset=utf-8]}" onto public java.lang.String org.uy.record.controller.StatisticsController.animationDramaTypePie()
2019-01-23 06:11:36  INFO o.s.w.s.m.m.a.RequestMappingHandlerMapping:543 - Mapped "{[/record/statistics/episodeDramaTypePie.do],produces=[application/json;charset=utf-8]}" onto public java.lang.String org.uy.record.controller.StatisticsController.episodeDramaTypePie()
2019-01-23 06:11:36  INFO o.s.w.s.m.m.a.RequestMappingHandlerMapping:543 - Mapped "{[/record/statistics/animationPerformersTop.do],produces=[application/json;charset=utf-8]}" onto public java.lang.String org.uy.record.controller.StatisticsController.animationPerformersTop()
2019-01-23 06:11:36  INFO o.s.w.s.m.m.a.RequestMappingHandlerMapping:543 - Mapped "{[/record/statistics/moviePerformersTop.do],produces=[application/json;charset=utf-8]}" onto public java.lang.String org.uy.record.controller.StatisticsController.moviePerformersTop()
2019-01-23 06:11:36  INFO o.s.w.s.m.m.a.RequestMappingHandlerMapping:543 - Mapped "{[/record/statistics/levelRadar.do],produces=[application/json;charset=utf-8]}" onto public java.lang.String org.uy.record.controller.StatisticsController.levelRadar()
2019-01-23 06:11:36  INFO o.s.w.s.m.m.a.RequestMappingHandlerMapping:543 - Mapped "{[/record/statistics/episodeTypeTop.do],produces=[application/json;charset=utf-8]}" onto public java.lang.String org.uy.record.controller.StatisticsController.episodeTypeTop()
2019-01-23 06:11:36  INFO o.s.w.s.m.m.a.RequestMappingHandlerMapping:543 - Mapped "{[/record/statistics/animationTypeTop.do],produces=[application/json;charset=utf-8]}" onto public java.lang.String org.uy.record.controller.StatisticsController.animationTypeTop()
2019-01-23 06:11:36  INFO o.s.w.s.m.m.a.RequestMappingHandlerMapping:543 - Mapped "{[/record/statistics/watchTimeTrend.do],produces=[application/json;charset=utf-8]}" onto public java.lang.String org.uy.record.controller.StatisticsController.watchTimeTrend(java.lang.String)
2019-01-23 06:11:36  INFO o.s.w.s.m.m.a.RequestMappingHandlerMapping:543 - Mapped "{[/record/statistics/movieRegionPie.do],produces=[application/json;charset=utf-8]}" onto public java.lang.String org.uy.record.controller.StatisticsController.movieRegionPie()
2019-01-23 06:11:36  INFO o.s.w.s.m.m.a.RequestMappingHandlerMapping:543 - Mapped "{[/record/statistics/movieTypeTop.do],produces=[application/json;charset=utf-8]}" onto public java.lang.String org.uy.record.controller.StatisticsController.movieTypeTop()
2019-01-23 06:11:36  INFO o.s.w.s.m.m.a.RequestMappingHandlerMapping:543 - Mapped "{[/record/statistics/totalCount.do],produces=[application/json;charset=utf-8]}" onto public java.lang.String org.uy.record.controller.StatisticsController.totalCount()
2019-01-23 06:11:36  INFO o.s.w.s.m.m.a.RequestMappingHandlerMapping:543 - Mapped "{[/record/main/login.do],produces=[application/json;charset=utf-8]}" onto public java.lang.String org.uy.record.controller.UserController.login(java.lang.String,java.lang.String,javax.servlet.http.HttpServletRequest,javax.servlet.http.HttpSession)
2019-01-23 06:11:36  INFO o.s.w.s.m.m.a.RequestMappingHandlerMapping:543 - Mapped "{[/record/main/checkLogin.do],produces=[application/json;charset=utf-8]}" onto public java.lang.String org.uy.record.controller.UserController.checkLogin(javax.servlet.http.HttpSession)
2019-01-23 06:11:36  INFO o.s.w.s.m.m.a.RequestMappingHandlerMapping:543 - Mapped "{[/error]}" onto public org.springframework.http.ResponseEntity<java.util.Map<java.lang.String, java.lang.Object>> org.springframework.boot.autoconfigure.web.BasicErrorController.error(javax.servlet.http.HttpServletRequest)
2019-01-23 06:11:36  INFO o.s.w.s.m.m.a.RequestMappingHandlerMapping:543 - Mapped "{[/error],produces=[text/html]}" onto public org.springframework.web.servlet.ModelAndView org.springframework.boot.autoconfigure.web.BasicErrorController.errorHtml(javax.servlet.http.HttpServletRequest,javax.servlet.http.HttpServletResponse)
2019-01-23 06:11:36  INFO o.s.w.s.h.SimpleUrlHandlerMapping:362 - Mapped URL path [/webjars/**] onto handler of type [class org.springframework.web.servlet.resource.ResourceHttpRequestHandler]
2019-01-23 06:11:36  INFO o.s.w.s.h.SimpleUrlHandlerMapping:362 - Mapped URL path [/**] onto handler of type [class org.springframework.web.servlet.resource.ResourceHttpRequestHandler]
2019-01-23 06:11:36  INFO o.s.w.s.h.SimpleUrlHandlerMapping:362 - Mapped URL path [/**/favicon.ico] onto handler of type [class org.springframework.web.servlet.resource.ResourceHttpRequestHandler]
2019-01-23 06:11:36  INFO o.s.s.a.ScheduledAnnotationBeanPostProcessor:268 - No TaskScheduler/ScheduledExecutorService bean found for scheduled processing
2019-01-23 06:11:36  INFO o.u.r.RecordApplicationTests:57 - Started RecordApplicationTests in 3.836 seconds (JVM running for 4.704)
2019-01-23 06:11:36  INFO o.s.w.c.s.GenericWebApplicationContext:984 - Closing org.springframework.web.context.support.GenericWebApplicationContext@24959ca4: startup date [Wed Jan 23 14:11:33 CST 2019]; root of context hierarchy
